0 info it worked if it ends with ok
1 verbose cli [ '/usr/bin/node',
1 verbose cli   '/usr/bin/npm',
1 verbose cli   'install',
1 verbose cli   'passport-google-oauth2' ]
2 info using npm@3.5.2
3 info using node@v8.10.0
4 silly loadCurrentTree Starting
5 silly install loadCurrentTree
6 silly install readLocalPackageData
7 silly fetchPackageMetaData passport-google-oauth2@^2.0.0
8 silly fetchNamedPackageData passport-google-oauth2
9 silly mapToRegistry name passport-google-oauth2
10 silly mapToRegistry using default registry
11 silly mapToRegistry registry https://registry.npmjs.org/
12 silly mapToRegistry uri https://registry.npmjs.org/passport-google-oauth2
13 verbose request uri https://registry.npmjs.org/passport-google-oauth2
14 verbose request no auth needed
15 info attempt registry request try #1 at 12:34:43
16 verbose request id 77150848038a5199
17 verbose etag W/"a5970379823b49f5caa7a6972cb54b23"
18 verbose lastModified Wed, 06 Mar 2019 23:35:07 GMT
19 http request GET https://registry.npmjs.org/passport-google-oauth2
20 http 304 https://registry.npmjs.org/passport-google-oauth2
21 verbose headers { date: 'Tue, 06 Oct 2020 10:34:43 GMT',
21 verbose headers   connection: 'keep-alive',
21 verbose headers   'set-cookie':
21 verbose headers    [ '__cfduid=de828368b9afd50bd5fd616e4878ce2c91601980483; expires=Thu, 05-Nov-20 10:34:43 GMT; path=/; domain=.npmjs.org; HttpOnly; SameSite=Lax' ],
21 verbose headers   'cf-ray': '5ddebb4729471135-MAD',
21 verbose headers   age: '144',
21 verbose headers   'cache-control': 'public, max-age=300',
21 verbose headers   etag: '"a5970379823b49f5caa7a6972cb54b23"',
21 verbose headers   'last-modified': 'Wed, 06 Mar 2019 23:35:07 GMT',
21 verbose headers   vary: 'Accept-Encoding',
21 verbose headers   'cf-cache-status': 'HIT',
21 verbose headers   'cf-request-id': '059f13607a000011353e1cb200000001',
21 verbose headers   'expect-ct': 'max-age=604800, report-uri="https://report-uri.cloudflare.com/cdn-cgi/beacon/expect-ct"',
21 verbose headers   server: 'cloudflare' }
22 silly get cb [ 304,
22 silly get   { date: 'Tue, 06 Oct 2020 10:34:43 GMT',
22 silly get     connection: 'keep-alive',
22 silly get     'set-cookie':
22 silly get      [ '__cfduid=de828368b9afd50bd5fd616e4878ce2c91601980483; expires=Thu, 05-Nov-20 10:34:43 GMT; path=/; domain=.npmjs.org; HttpOnly; SameSite=Lax' ],
22 silly get     'cf-ray': '5ddebb4729471135-MAD',
22 silly get     age: '144',
22 silly get     'cache-control': 'public, max-age=300',
22 silly get     etag: '"a5970379823b49f5caa7a6972cb54b23"',
22 silly get     'last-modified': 'Wed, 06 Mar 2019 23:35:07 GMT',
22 silly get     vary: 'Accept-Encoding',
22 silly get     'cf-cache-status': 'HIT',
22 silly get     'cf-request-id': '059f13607a000011353e1cb200000001',
22 silly get     'expect-ct': 'max-age=604800, report-uri="https://report-uri.cloudflare.com/cdn-cgi/beacon/expect-ct"',
22 silly get     server: 'cloudflare' } ]
23 verbose etag https://registry.npmjs.org/passport-google-oauth2 from cache
24 verbose get saving passport-google-oauth2 to /home/viceentcb/.npm/registry.npmjs.org/passport-google-oauth2/.cache.json
25 silly fetchPackageMetaData Error: No compatible version found: passport-google-oauth2@^2.0.0
25 silly fetchPackageMetaData Valid install targets:
25 silly fetchPackageMetaData 0.2.0, 0.1.6, 0.1.5, 0.1.4, 0.1.3, 0.1.2, 0.1.1, 0.1.0, 0.0.2, 0.0.1
25 silly fetchPackageMetaData
25 silly fetchPackageMetaData     at pickVersionFromRegistryDocument (/usr/share/npm/lib/fetch-package-metadata.js:156:16)
25 silly fetchPackageMetaData     at /usr/share/npm/node_modules/iferr/index.js:13:50
25 silly fetchPackageMetaData     at /usr/share/npm/lib/utils/pulse-till-done.js:19:8
25 silly fetchPackageMetaData     at saved (/usr/share/npm/lib/cache/caching-client.js:168:7)
25 silly fetchPackageMetaData     at /usr/share/npm/node_modules/graceful-fs/polyfills.js:210:7
25 silly fetchPackageMetaData     at FSReqWrap.oncomplete (fs.js:135:15)
25 silly fetchPackageMetaData  error for passport-google-oauth2@^2.0.0 Error: No compatible version found: passport-google-oauth2@^2.0.0
25 silly fetchPackageMetaData Valid install targets:
25 silly fetchPackageMetaData 0.2.0, 0.1.6, 0.1.5, 0.1.4, 0.1.3, 0.1.2, 0.1.1, 0.1.0, 0.0.2, 0.0.1
25 silly fetchPackageMetaData
25 silly fetchPackageMetaData     at pickVersionFromRegistryDocument (/usr/share/npm/lib/fetch-package-metadata.js:156:16)
25 silly fetchPackageMetaData     at /usr/share/npm/node_modules/iferr/index.js:13:50
25 silly fetchPackageMetaData     at /usr/share/npm/lib/utils/pulse-till-done.js:19:8
25 silly fetchPackageMetaData     at saved (/usr/share/npm/lib/cache/caching-client.js:168:7)
25 silly fetchPackageMetaData     at /usr/share/npm/node_modules/graceful-fs/polyfills.js:210:7
25 silly fetchPackageMetaData     at FSReqWrap.oncomplete (fs.js:135:15)
26 silly rollbackFailedOptional Starting
27 silly rollbackFailedOptional Finishing
28 silly runTopLevelLifecycles Starting
29 silly runTopLevelLifecycles Finishing
30 silly install printInstalled
31 verbose stack Error: No compatible version found: passport-google-oauth2@^2.0.0
31 verbose stack Valid install targets:
31 verbose stack 0.2.0, 0.1.6, 0.1.5, 0.1.4, 0.1.3, 0.1.2, 0.1.1, 0.1.0, 0.0.2, 0.0.1
31 verbose stack
31 verbose stack     at pickVersionFromRegistryDocument (/usr/share/npm/lib/fetch-package-metadata.js:156:16)
31 verbose stack     at /usr/share/npm/node_modules/iferr/index.js:13:50
31 verbose stack     at /usr/share/npm/lib/utils/pulse-till-done.js:19:8
31 verbose stack     at saved (/usr/share/npm/lib/cache/caching-client.js:168:7)
31 verbose stack     at /usr/share/npm/node_modules/graceful-fs/polyfills.js:210:7
31 verbose stack     at FSReqWrap.oncomplete (fs.js:135:15)
32 verbose cwd /home/viceentcb/Documentos/2ºDAW/Servidor/Proyect_Express_Nodejs/backend
33 error Linux 4.15.0-118-generic
34 error argv "/usr/bin/node" "/usr/bin/npm" "install" "passport-google-oauth2"
35 error node v8.10.0
36 error npm  v3.5.2
37 error No compatible version found: passport-google-oauth2@^2.0.0
37 error Valid install targets:
37 error 0.2.0, 0.1.6, 0.1.5, 0.1.4, 0.1.3, 0.1.2, 0.1.1, 0.1.0, 0.0.2, 0.0.1
38 error If you need help, you may report this error at:
38 error     <https://github.com/npm/npm/issues>
39 verbose exit [ 1, true ]
